#
# There is insufficient memory for the Java Runtime Environment to continue.
# Native memory allocation (mmap) failed to map 130023424 bytes for Failed to commit area from 0x0000000084e00000 to 0x000000008ca00000 of length 130023424.
# Possible reasons:
#   The system is out of physical RAM or swap space
#   The process is running with CompressedOops enabled, and the Java Heap may be blocking the growth of the native heap
# Possible solutions:
#   Reduce memory load on the system
#   Increase physical memory or swap space
#   Check if swap backing store is full
#   Decrease Java heap size (-Xmx/-Xms)
#   Decrease number of Java threads
#   Decrease Java thread stack sizes (-Xss)
#   Set larger code cache with -XX:ReservedCodeCacheSize=
# This output file may be truncated or incomplete.
#
#  Out of Memory Error (./src/hotspot/os/windows/os_windows.cpp:3301), pid=12928, tid=3688
#
# JRE version:  (11.0.11+9) (build )
# Java VM: OpenJDK 64-Bit Server VM (11.0.11+9-b60-7590822, mixed mode, sharing, tiered, compressed oops, g1 gc, windows-amd64)
# No core dump will be written. Minidumps are not enabled by default on client versions of Windows
#

---------------  S U M M A R Y ------------

Command Line: org.jetbrains.git4idea.http.GitAskPassApp Username for 'https://github.com': 

Host: Intel(R) Core(TM) i5-4300U CPU @ 1.90GHz, 4 cores, 7G,  Windows 10 , 64 bit Build 19041 (10.0.19041.1645)
Time: Sun May  8 01:45:13 2022 SE Asia Standard Time elapsed time: 0.026256 seconds (0d 0h 0m 0s)

---------------  T H R E A D  ---------------

Current thread (0x0000021ae22fd800):  JavaThread "Unknown thread" [_thread_in_vm, id=3688, stack(0x00000025e7e00000,0x00000025e7f00000)]

Stack: [0x00000025e7e00000,0x00000025e7f00000]
Native frames: (J=compiled Java code, j=interpreted, Vv=VM code, C=native code)
V  [jvm.dll+0x5f214a]
V  [jvm.dll+0x726fb5]
V  [jvm.dll+0x7285cd]
V  [jvm.dll+0x728c83]
V  [jvm.dll+0x243278]
V  [jvm.dll+0x5ef544]
V  [jvm.dll+0x5e4495]
V  [jvm.dll+0x2fec5b]
V  [jvm.dll+0x2febca]
V  [jvm.dll+0x2feaa2]
V  [jvm.dll+0x303986]
V  [jvm.dll+0x34c3a3]
V  [jvm.dll+0x34caa6]
V  [jvm.dll+0x34c4a3]
V  [jvm.dll+0x2d9688]
V  [jvm.dll+0x2da837]
V  [jvm.dll+0x705ba7]
V  [jvm.dll+0x70739c]
V  [jvm.dll+0x3598f9]
V  [jvm.dll+0x6e931e]
V  [jvm.dll+0x3c1c43]
V  [jvm.dll+0x3c3e81]
C  [jli.dll+0x5373]
C  [ucrtbase.dll+0x21bb2]
C  [KERNEL32.DLL+0x17034]
C  [ntdll.dll+0x52651]


---------------  P R O C E S S  ---------------

Threads class SMR info:
_java_thread_list=0x0000021ae22010e0, length=0, elements={
}

Java Threads: ( => current thread )

Other Threads:
  0x0000021ae2314000 GCTaskThread "GC Thread#0" [stack: 0x00000025e7f00000,0x00000025e8000000] [id=12000]
  0x0000021ae2345800 ConcurrentGCThread "G1 Main Marker" [stack: 0x00000025e8000000,0x00000025e8100000] [id=9364]
  0x0000021ae2348000 ConcurrentGCThread "G1 Conc#0" [stack: 0x00000025e8100000,0x00000025e8200000] [id=10000]

[error occurred during error reporting (printing all threads), id 0xc0000005, EXCEPTION_ACCESS_VIOLATION (0xc0000005) at pc=0x00007ff936489c47]

VM state:not at safepoint (not fully initialized)

VM Mutex/Monitor currently owned by a thread:  ([mutex/lock_event])
[0x0000021ae22f9ee0] Heap_lock - owner thread: 0x0000021ae22fd800

Heap address: 0x0000000084e00000, size: 1970 MB, Compressed Oops mode: Non-zero based: 0x0000000084e00000
Narrow klass base: 0x0000000000000000, Narrow klass shift: 0

GC Heap History (0 events):
No events

Deoptimization events (0 events):
No events

Classes redefined (0 events):
No events

Internal exceptions (0 events):
No events

Events (1 events):
Event: 0.016 Loaded shared library F:\Program Files\Android\Android Studio\jre\bin\zip.dll


Dynamic libraries:
0x00007ff7e7ed0000 - 0x00007ff7e7eda000 	F:\Program Files\Android\Android Studio\jre\bin\java.exe
0x00007ff99a810000 - 0x00007ff99aa05000 	C:\Windows\SYSTEM32\ntdll.dll
0x00007ff999dd0000 - 0x00007ff999e8e000 	C:\Windows\System32\KERNEL32.DLL
0x00007ff998460000 - 0x00007ff998728000 	C:\Windows\System32\KERNELBASE.dll
0x00007ff9980e0000 - 0x00007ff9981e0000 	C:\Windows\System32\ucrtbase.dll
0x00007ff9557a0000 - 0x00007ff9557b9000 	F:\Program Files\Android\Android Studio\jre\bin\jli.dll
0x00007ff999c00000 - 0x00007ff999da0000 	C:\Windows\System32\USER32.dll
0x00007ff9983c0000 - 0x00007ff9983e2000 	C:\Windows\System32\win32u.dll
0x00007ff999da0000 - 0x00007ff999dca000 	C:\Windows\System32\GDI32.dll
0x00007ff997fd0000 - 0x00007ff9980db000 	C:\Windows\System32\gdi32full.dll
0x00007ff997f30000 - 0x00007ff997fcd000 	C:\Windows\System32\msvcp_win.dll
0x00007ff997320000 - 0x00007ff9975ba000 	C:\Windows\WinSxS\amd64_microsoft.windows.common-controls_6595b64144ccf1df_6.0.19041.1110_none_60b5254171f9507e\COMCTL32.dll
0x00007ff999290000 - 0x00007ff99932e000 	C:\Windows\System32\msvcrt.dll
0x00007ff9555b0000 - 0x00007ff9555c7000 	F:\Program Files\Android\Android Studio\jre\bin\VCRUNTIME140.dll
0x00007ff999250000 - 0x00007ff999280000 	C:\Windows\System32\IMM32.DLL
0x00007ff94ab90000 - 0x00007ff94ac2d000 	F:\Program Files\Android\Android Studio\jre\bin\msvcp140.dll
0x00007ff9361a0000 - 0x00007ff936c75000 	F:\Program Files\Android\Android Studio\jre\bin\server\jvm.dll
0x00007ff999950000 - 0x00007ff9999fe000 	C:\Windows\System32\ADVAPI32.dll
0x00007ff99a1f0000 - 0x00007ff99a28c000 	C:\Windows\System32\sechost.dll
0x00007ff999330000 - 0x00007ff999455000 	C:\Windows\System32\RPCRT4.dll
0x00007ff999280000 - 0x00007ff999288000 	C:\Windows\System32\PSAPI.DLL
0x00007ff984e30000 - 0x00007ff984e39000 	C:\Windows\SYSTEM32\WSOCK32.dll
0x00007ff999510000 - 0x00007ff99957b000 	C:\Windows\System32\WS2_32.dll
0x00007ff9864e0000 - 0x00007ff986507000 	C:\Windows\SYSTEM32\WINMM.dll
0x00007ff994b90000 - 0x00007ff994b9a000 	C:\Windows\SYSTEM32\VERSION.dll
0x00007ff995b00000 - 0x00007ff995b12000 	C:\Windows\SYSTEM32\kernel.appcore.dll
0x00007ff992440000 - 0x00007ff992451000 	F:\Program Files\Android\Android Studio\jre\bin\verify.dll
0x00007ff997960000 - 0x00007ff997b44000 	C:\Windows\SYSTEM32\DBGHELP.DLL
0x00007ff997710000 - 0x00007ff99773c000 	C:\Windows\SYSTEM32\dbgcore.DLL
0x00007ff9987e0000 - 0x00007ff998862000 	C:\Windows\System32\bcryptPrimitives.dll
0x00007ff98ca70000 - 0x00007ff98ca99000 	F:\Program Files\Android\Android Studio\jre\bin\java.dll
0x00007ff995d00000 - 0x00007ff995d0b000 	F:\Program Files\Android\Android Studio\jre\bin\jimage.dll
0x00007ff991fa0000 - 0x00007ff991fb8000 	F:\Program Files\Android\Android Studio\jre\bin\zip.dll

dbghelp: loaded successfully - version: 4.0.5 - missing functions: none
symbol engine: initialized successfully - sym options: 0x614 - pdb path: .;F:\Program Files\Android\Android Studio\jre\bin;C:\Windows\SYSTEM32;C:\Windows\WinSxS\amd64_microsoft.windows.common-controls_6595b64144ccf1df_6.0.19041.1110_none_60b5254171f9507e;F:\Program Files\Android\Android Studio\jre\bin\server

VM Arguments:
java_command: org.jetbrains.git4idea.http.GitAskPassApp Username for 'https://github.com': 
java_class_path (initial): F:/Program Files/Android/Android Studio/plugins/git4idea/lib/git4idea-rt.jar;F:/Program Files/Android/Android Studio/lib/xmlrpc-2.0.1.jar;F:/Program Files/Android/Android Studio/lib/commons-codec-1.15.jar
Launcher Type: SUN_STANDARD

[Global flags]
     intx CICompilerCount                          = 3                                         {product} {ergonomic}
     uint ConcGCThreads                            = 1                                         {product} {ergonomic}
     uint G1ConcRefinementThreads                  = 4                                         {product} {ergonomic}
   size_t G1HeapRegionSize                         = 1048576                                   {product} {ergonomic}
    uintx GCDrainStackTargetSize                   = 64                                        {product} {ergonomic}
   size_t InitialHeapSize                          = 130023424                                 {product} {ergonomic}
   size_t MarkStackSize                            = 4194304                                   {product} {ergonomic}
   size_t MaxHeapSize                              = 2065694720                                {product} {ergonomic}
   size_t MinHeapDeltaBytes                        = 1048576                                   {product} {ergonomic}
    uintx NonNMethodCodeHeapSize                   = 5830732                                {pd product} {ergonomic}
    uintx NonProfiledCodeHeapSize                  = 122913754                              {pd product} {ergonomic}
    uintx ProfiledCodeHeapSize                     = 122913754                              {pd product} {ergonomic}
    uintx ReservedCodeCacheSize                    = 251658240                              {pd product} {ergonomic}
     bool SegmentedCodeCache                       = true                                      {product} {ergonomic}
     bool UseCompressedClassPointers               = true                                 {lp64_product} {ergonomic}
     bool UseCompressedOops                        = true                                 {lp64_product} {ergonomic}
     bool UseG1GC                                  = true                                      {product} {ergonomic}
     bool UseLargePagesIndividualAllocation        = false                                  {pd product} {ergonomic}

Logging:
Log output configuration:
 #0: stdout all=warning uptime,level,tags
 #1: stderr all=off uptime,level,tags

Environment Variables:
PATH=C:/Program Files/Git/mingw64/libexec/git-core;C:/Program Files/Git/mingw64/libexec/git-core;C:\Program Files\Git\mingw64\bin;C:\Program Files\Git\usr\bin;C:\Users\t0168\bin;C:\Program Files (x86)\Common Files\Oracle\Java\javapath;C:\Python310\Scripts\;C:\Python310\;C:\ProgramData\Oracle\Java\javapath;C:\Program Files\Microsoft MPI\Bin\;C:\Windows\system32;C:\Windows;C:\Windows\System32\Wbem;C:\Windows\System32\WindowsPowerShell\v1.0\;C:\Windows\System32\OpenSSH\;C:\Program Files\Git\cmd;C:\Program Files (x86)\Microsoft SQL Server\150\Tools\Binn\;C:\Program Files\Microsoft SQL Server\150\Tools\Binn\;C:\Program Files (x86)\Microsoft SQL Server\150\DTS\Binn\;C:\Program Files\Microsoft SQL Server\150\DTS\Binn\;C:\Program Files\Microsoft SQL Server\Client SDK\ODBC\170\Tools\Binn\;C:\Program Files\Azure Data Studio\bin;C:\Program Files\Intel\WiFi\bin\;C:\Program Files\Common Files\Intel\WirelessCommon\;C:\Program Files\dotnet\;C:\Program Files (x86)\dotnet\;C:\Program Files\Microsoft SQL Server\130\Tools\Binn\;C:\Program Files\nodejs\;C:\ProgramData\chocolatey\bin;C:\Program Files\Cloudflare\Cloudflare WARP;C:\Program Files\Cloudflare\Cloudflare WARP\;C:\Program Files\MySQL\MySQL Shell 8.0\bin\;C:\Users\t0168\AppData\Local\Microsoft\WindowsApps;C:\Program Files\Azure Data Studio\bin;C:\Users\t0168\AppData\Local\Programs\Microsoft VS Code\bin;C:\Users\t0168\.dotnet\tools;C:\Users\t0168\AppData\Roaming\npm
USERNAME=t0168
DISPLAY=:0.0
LC_ALL=en_US.UTF-8
OS=Windows_NT
PROCESSOR_IDENTIFIER=Intel64 Family 6 Model 69 Stepping 1, GenuineIntel



---------------  S Y S T E M  ---------------

OS: Windows 10 , 64 bit Build 19041 (10.0.19041.1645)
OS uptime: 10 days 4:53 hours

CPU:total 4 (initial active 4) (2 cores per cpu, 2 threads per core) family 6 model 69 stepping 1 microcode 0x26, cmov, cx8, fxsr, mmx, sse, sse2, sse3, ssse3, sse4.1, sse4.2, popcnt, avx, avx2, aes, clmul, erms, lzcnt, ht, tsc, tscinvbit, bmi1, bmi2, fma

Memory: 4k page, system-wide physical 7879M (340M free)
TotalPageFile size 14646M (AvailPageFile size 95M)
current process WorkingSet (physical memory assigned to process): 9M, peak: 9M
current process commit charge ("private bytes"): 51M, peak: 175M

vm_info: OpenJDK 64-Bit Server VM (11.0.11+9-b60-7590822) for windows-amd64 JRE (11.0.11+9-b60-7590822), built on Jul 29 2021 21:43:44 by "builder" with MS VC++ 14.0 (VS2015)

END.
